<?xml version="1.0" ?>
<!DOCTYPE coverage SYSTEM "http://cobertura.sourceforge.net/xml/coverage-04.dtd">
<coverage lines-valid="8" lines-covered="2" line-rate="0.25" branches-valid="2" branches-covered="0" branch-rate="0" timestamp="1686814429765" complexity="0" version="0.1">
  <sources>
    <source>D:\EslintApigee</source>
  </sources>
  <packages>
    <package name="main" line-rate="0.25" branch-rate="0">
      <classes>
        <class name="test.api.js" filename="test.api.js" line-rate="0.25" branch-rate="0">
          <methods>
          </methods>
          <lines>
            <line number="1" hits="1" branch="false"/>
            <line number="2" hits="1" branch="false"/>
            <line number="3" hits="0" branch="false"/>
            <line number="5" hits="0" branch="false"/>
            <line number="12" hits="0" branch="true" condition-coverage="0% (0/2)"/>
            <line number="13" hits="0" branch="false"/>
            <line number="24" hits="0" branch="false"/>
            <line number="28" hits="0" branch="false"/>
          </lines>
        </class>
      </classes>
    </package>
  </packages>
</coverage>
